{"C:\\Users\\admin\\Desktop\\getcha\\src\\index.js": {"path":"C:\\Users\\admin\\Desktop\\getcha\\src\\index.js","statementMap":{"0":{"start":{"line":1,"column":11},"end":{"line":1,"column":24}},"1":{"start":{"line":2,"column":13},"end":{"line":2,"column":31}},"2":{"start":{"line":3,"column":23},"end":{"line":3,"column":55}},"3":{"start":{"line":4,"column":15},"end":{"line":4,"column":40}},"4":{"start":{"line":8,"column":2},"end":{"line":14,"column":3}},"5":{"start":{"line":9,"column":23},"end":{"line":9,"column":58}},"6":{"start":{"line":10,"column":4},"end":{"line":10,"column":33}},"7":{"start":{"line":12,"column":4},"end":{"line":12,"column":55}},"8":{"start":{"line":13,"column":4},"end":{"line":13,"column":16}},"9":{"start":{"line":19,"column":2},"end":{"line":29,"column":3}},"10":{"start":{"line":20,"column":20},"end":{"line":20,"column":22}},"11":{"start":{"line":21,"column":4},"end":{"line":24,"column":5}},"12":{"start":{"line":22,"column":21},"end":{"line":22,"column":50}},"13":{"start":{"line":23,"column":6},"end":{"line":23,"column":30}},"14":{"start":{"line":25,"column":4},"end":{"line":25,"column":19}},"15":{"start":{"line":27,"column":4},"end":{"line":27,"column":56}},"16":{"start":{"line":28,"column":4},"end":{"line":28,"column":16}},"17":{"start":{"line":34,"column":2},"end":{"line":34,"column":44}},"18":{"start":{"line":34,"column":34},"end":{"line":34,"column":44}},"19":{"start":{"line":36,"column":18},"end":{"line":36,"column":38}},"20":{"start":{"line":37,"column":15},"end":{"line":44,"column":3}},"21":{"start":{"line":38,"column":4},"end":{"line":43,"column":16}},"22":{"start":{"line":39,"column":20},"end":{"line":39,"column":32}},"23":{"start":{"line":41,"column":6},"end":{"line":42,"column":29}},"24":{"start":{"line":46,"column":2},"end":{"line":46,"column":49}},"25":{"start":{"line":51,"column":2},"end":{"line":59,"column":3}},"26":{"start":{"line":52,"column":19},"end":{"line":52,"column":44}},"27":{"start":{"line":53,"column":20},"end":{"line":53,"column":49}},"28":{"start":{"line":54,"column":20},"end":{"line":54,"column":41}},"29":{"start":{"line":55,"column":4},"end":{"line":55,"column":25}},"30":{"start":{"line":57,"column":4},"end":{"line":57,"column":54}},"31":{"start":{"line":58,"column":4},"end":{"line":58,"column":20}},"32":{"start":{"line":63,"column":0},"end":{"line":65,"column":1}},"33":{"start":{"line":64,"column":2},"end":{"line":64,"column":9}},"34":{"start":{"line":67,"column":0},"end":{"line":72,"column":2}}},"fnMap":{"0":{"name":"loadConfig","decl":{"start":{"line":7,"column":9},"end":{"line":7,"column":19}},"loc":{"start":{"line":7,"column":32},"end":{"line":15,"column":1}},"line":7},"1":{"name":"executeApiCalls","decl":{"start":{"line":18,"column":15},"end":{"line":18,"column":30}},"loc":{"start":{"line":18,"column":39},"end":{"line":30,"column":1}},"line":18},"2":{"name":"convertToCSV","decl":{"start":{"line":33,"column":9},"end":{"line":33,"column":21}},"loc":{"start":{"line":33,"column":28},"end":{"line":47,"column":1}},"line":33},"3":{"name":"(anonymous_3)","decl":{"start":{"line":37,"column":24},"end":{"line":37,"column":25}},"loc":{"start":{"line":38,"column":4},"end":{"line":43,"column":16}},"line":38},"4":{"name":"(anonymous_4)","decl":{"start":{"line":38,"column":16},"end":{"line":38,"column":17}},"loc":{"start":{"line":38,"column":26},"end":{"line":43,"column":5}},"line":38},"5":{"name":"main","decl":{"start":{"line":50,"column":15},"end":{"line":50,"column":19}},"loc":{"start":{"line":50,"column":22},"end":{"line":60,"column":1}},"line":50}},"branchMap":{"0":{"loc":{"start":{"line":34,"column":2},"end":{"line":34,"column":44}},"type":"if","locations":[{"start":{"line":34,"column":2},"end":{"line":34,"column":44}},{"start":{},"end":{}}],"line":34},"1":{"loc":{"start":{"line":34,"column":6},"end":{"line":34,"column":32}},"type":"binary-expr","locations":[{"start":{"line":34,"column":6},"end":{"line":34,"column":11}},{"start":{"line":34,"column":15},"end":{"line":34,"column":32}}],"line":34},"2":{"loc":{"start":{"line":41,"column":13},"end":{"line":42,"column":28}},"type":"cond-expr","locations":[{"start":{"line":42,"column":8},"end":{"line":42,"column":20}},{"start":{"line":42,"column":23},"end":{"line":42,"column":28}}],"line":41},"3":{"loc":{"start":{"line":41,"column":13},"end":{"line":41,"column":61}},"type":"binary-expr","locations":[{"start":{"line":41,"column":13},"end":{"line":41,"column":38}},{"start":{"line":41,"column":42},"end":{"line":41,"column":61}}],"line":41},"4":{"loc":{"start":{"line":63,"column":0},"end":{"line":65,"column":1}},"type":"if","locations":[{"start":{"line":63,"column":0},"end":{"line":65,"column":1}},{"start":{},"end":{}}],"line":63}},"s":{"0":1,"1":1,"2":1,"3":1,"4":5,"5":5,"6":3,"7":3,"8":3,"9":2,"10":2,"11":2,"12":2,"13":1,"14":1,"15":1,"16":1,"17":5,"18":3,"19":2,"20":2,"21":3,"22":7,"23":7,"24":2,"25":2,"26":2,"27":1,"28":1,"29":1,"30":1,"31":1,"32":1,"33":0,"34":1},"f":{"0":5,"1":2,"2":5,"3":3,"4":7,"5":2},"b":{"0":[3,2],"1":[5,3],"2":[1,6],"3":[7,5],"4":[0,1]},"_coverageSchema":"1a1c01bbd47fc00a2c39e90264f33305004495a9","hash":"c0650bf177d9df20cdc9c209f7d7d4542e1fb56c"}
,"C:\\Users\\admin\\Desktop\\getcha\\src\\config\\apiResults.js": {"path":"C:\\Users\\admin\\Desktop\\getcha\\src\\config\\apiResults.js","statementMap":{"0":{"start":{"line":2,"column":19},"end":{"line":2,"column":28}},"1":{"start":{"line":4,"column":0},"end":{"line":4,"column":28}}},"fnMap":{},"branchMap":{},"s":{"0":1,"1":1},"f":{},"b":{},"_coverageSchema":"1a1c01bbd47fc00a2c39e90264f33305004495a9","hash":"2633919e5f1311198c2ba4e7d18466e736cbb24f"}
,"C:\\Users\\admin\\Desktop\\getcha\\src\\services\\apiService.js": {"path":"C:\\Users\\admin\\Desktop\\getcha\\src\\services\\apiService.js","statementMap":{"0":{"start":{"line":1,"column":14},"end":{"line":1,"column":30}},"1":{"start":{"line":2,"column":15},"end":{"line":2,"column":41}},"2":{"start":{"line":3,"column":19},"end":{"line":3,"column":50}},"3":{"start":{"line":4,"column":37},"end":{"line":4,"column":66}},"4":{"start":{"line":5,"column":28},"end":{"line":5,"column":55}},"5":{"start":{"line":8,"column":2},"end":{"line":57,"column":3}},"6":{"start":{"line":10,"column":4},"end":{"line":35,"column":5}},"7":{"start":{"line":11,"column":27},"end":{"line":11,"column":66}},"8":{"start":{"line":12,"column":6},"end":{"line":34,"column":7}},"9":{"start":{"line":13,"column":24},"end":{"line":13,"column":26}},"10":{"start":{"line":14,"column":8},"end":{"line":32,"column":9}},"11":{"start":{"line":15,"column":34},"end":{"line":20,"column":11}},"12":{"start":{"line":22,"column":10},"end":{"line":28,"column":13}},"13":{"start":{"line":30,"column":29},"end":{"line":30,"column":89}},"14":{"start":{"line":31,"column":10},"end":{"line":31,"column":38}},"15":{"start":{"line":33,"column":8},"end":{"line":33,"column":23}},"16":{"start":{"line":38,"column":4},"end":{"line":44,"column":7}},"17":{"start":{"line":47,"column":4},"end":{"line":49,"column":5}},"18":{"start":{"line":48,"column":6},"end":{"line":48,"column":43}},"19":{"start":{"line":52,"column":23},"end":{"line":52,"column":77}},"20":{"start":{"line":53,"column":4},"end":{"line":53,"column":22}},"21":{"start":{"line":55,"column":4},"end":{"line":55,"column":53}},"22":{"start":{"line":56,"column":4},"end":{"line":56,"column":16}},"23":{"start":{"line":60,"column":0},"end":{"line":62,"column":2}}},"fnMap":{"0":{"name":"processApi","decl":{"start":{"line":7,"column":15},"end":{"line":7,"column":25}},"loc":{"start":{"line":7,"column":44},"end":{"line":58,"column":1}},"line":7}},"branchMap":{"0":{"loc":{"start":{"line":10,"column":4},"end":{"line":35,"column":5}},"type":"if","locations":[{"start":{"line":10,"column":4},"end":{"line":35,"column":5}},{"start":{},"end":{}}],"line":10},"1":{"loc":{"start":{"line":12,"column":6},"end":{"line":34,"column":7}},"type":"if","locations":[{"start":{"line":12,"column":6},"end":{"line":34,"column":7}},{"start":{},"end":{}}],"line":12},"2":{"loc":{"start":{"line":12,"column":10},"end":{"line":12,"column":58}},"type":"binary-expr","locations":[{"start":{"line":12,"column":10},"end":{"line":12,"column":22}},{"start":{"line":12,"column":26},"end":{"line":12,"column":58}}],"line":12},"3":{"loc":{"start":{"line":19,"column":18},"end":{"line":19,"column":128}},"type":"cond-expr","locations":[{"start":{"line":19,"column":35},"end":{"line":19,"column":116}},{"start":{"line":19,"column":119},"end":{"line":19,"column":128}}],"line":19},"4":{"loc":{"start":{"line":47,"column":4},"end":{"line":49,"column":5}},"type":"if","locations":[{"start":{"line":47,"column":4},"end":{"line":49,"column":5}},{"start":{},"end":{}}],"line":47}},"s":{"0":1,"1":1,"2":1,"3":1,"4":1,"5":6,"6":6,"7":1,"8":1,"9":1,"10":1,"11":2,"12":2,"13":2,"14":2,"15":1,"16":5,"17":3,"18":3,"19":3,"20":3,"21":2,"22":2,"23":1},"f":{"0":6},"b":{"0":[1,5],"1":[1,0],"2":[1,1],"3":[2,0],"4":[3,0]},"_coverageSchema":"1a1c01bbd47fc00a2c39e90264f33305004495a9","hash":"88584df7875b2925bc9ad03e59bcafb8b95decdb"}
,"C:\\Users\\admin\\Desktop\\getcha\\src\\services\\mappingService.js": {"path":"C:\\Users\\admin\\Desktop\\getcha\\src\\services\\mappingService.js","statementMap":{"0":{"start":{"line":1,"column":29},"end":{"line":1,"column":58}},"1":{"start":{"line":4,"column":21},"end":{"line":4,"column":23}},"2":{"start":{"line":5,"column":16},"end":{"line":5,"column":51}},"3":{"start":{"line":7,"column":2},"end":{"line":16,"column":3}},"4":{"start":{"line":8,"column":23},"end":{"line":8,"column":25}},"5":{"start":{"line":9,"column":4},"end":{"line":14,"column":5}},"6":{"start":{"line":10,"column":25},"end":{"line":10,"column":43}},"7":{"start":{"line":11,"column":26},"end":{"line":11,"column":44}},"8":{"start":{"line":13,"column":6},"end":{"line":13,"column":67}},"9":{"start":{"line":15,"column":4},"end":{"line":15,"column":32}},"10":{"start":{"line":18,"column":2},"end":{"line":18,"column":20}},"11":{"start":{"line":21,"column":0},"end":{"line":23,"column":2}}},"fnMap":{"0":{"name":"mapResponseData","decl":{"start":{"line":3,"column":9},"end":{"line":3,"column":24}},"loc":{"start":{"line":3,"column":40},"end":{"line":19,"column":1}},"line":3}},"branchMap":{"0":{"loc":{"start":{"line":5,"column":16},"end":{"line":5,"column":51}},"type":"cond-expr","locations":[{"start":{"line":5,"column":38},"end":{"line":5,"column":42}},{"start":{"line":5,"column":45},"end":{"line":5,"column":51}}],"line":5}},"s":{"0":1,"1":5,"2":5,"3":5,"4":7,"5":7,"6":15,"7":15,"8":15,"9":7,"10":5,"11":1},"f":{"0":5},"b":{"0":[3,2]},"_coverageSchema":"1a1c01bbd47fc00a2c39e90264f33305004495a9","hash":"f0afd3894d8962cdc59e2ff50197c52b851398a6"}
,"C:\\Users\\admin\\Desktop\\getcha\\src\\tools\\curl-to-yaml.js": {"path":"C:\\Users\\admin\\Desktop\\getcha\\src\\tools\\curl-to-yaml.js","statementMap":{"0":{"start":{"line":1,"column":11},"end":{"line":1,"column":24}},"1":{"start":{"line":2,"column":13},"end":{"line":2,"column":28}},"2":{"start":{"line":3,"column":41},"end":{"line":3,"column":59}},"3":{"start":{"line":4,"column":16},"end":{"line":4,"column":34}},"4":{"start":{"line":7,"column":15},"end":{"line":18,"column":2}},"5":{"start":{"line":23,"column":4},"end":{"line":23,"column":58}},"6":{"start":{"line":26,"column":19},"end":{"line":33,"column":5}},"7":{"start":{"line":36,"column":21},"end":{"line":36,"column":96}},"8":{"start":{"line":37,"column":4},"end":{"line":55,"column":5}},"9":{"start":{"line":38,"column":8},"end":{"line":52,"column":9}},"10":{"start":{"line":39,"column":24},"end":{"line":39,"column":35}},"11":{"start":{"line":40,"column":12},"end":{"line":40,"column":47}},"12":{"start":{"line":41,"column":27},"end":{"line":41,"column":39}},"13":{"start":{"line":42,"column":12},"end":{"line":42,"column":38}},"14":{"start":{"line":43,"column":12},"end":{"line":43,"column":41}},"15":{"start":{"line":46,"column":12},"end":{"line":48,"column":15}},"16":{"start":{"line":47,"column":16},"end":{"line":47,"column":47}},"17":{"start":{"line":50,"column":12},"end":{"line":50,"column":55}},"18":{"start":{"line":51,"column":12},"end":{"line":51,"column":24}},"19":{"start":{"line":54,"column":8},"end":{"line":54,"column":42}},"20":{"start":{"line":58,"column":24},"end":{"line":58,"column":56}},"21":{"start":{"line":59,"column":4},"end":{"line":61,"column":5}},"22":{"start":{"line":60,"column":8},"end":{"line":60,"column":53}},"23":{"start":{"line":64,"column":26},"end":{"line":64,"column":69}},"24":{"start":{"line":65,"column":4},"end":{"line":70,"column":5}},"25":{"start":{"line":66,"column":8},"end":{"line":69,"column":11}},"26":{"start":{"line":67,"column":33},"end":{"line":67,"column":97}},"27":{"start":{"line":68,"column":12},"end":{"line":68,"column":40}},"28":{"start":{"line":73,"column":22},"end":{"line":73,"column":64}},"29":{"start":{"line":74,"column":4},"end":{"line":81,"column":5}},"30":{"start":{"line":75,"column":8},"end":{"line":80,"column":9}},"31":{"start":{"line":76,"column":25},"end":{"line":76,"column":49}},"32":{"start":{"line":77,"column":12},"end":{"line":77,"column":31}},"33":{"start":{"line":79,"column":12},"end":{"line":79,"column":50}},"34":{"start":{"line":83,"column":4},"end":{"line":83,"column":18}},"35":{"start":{"line":88,"column":4},"end":{"line":125,"column":5}},"36":{"start":{"line":89,"column":8},"end":{"line":89,"column":43}},"37":{"start":{"line":92,"column":24},"end":{"line":92,"column":58}},"38":{"start":{"line":93,"column":8},"end":{"line":93,"column":35}},"39":{"start":{"line":96,"column":29},"end":{"line":96,"column":95}},"40":{"start":{"line":96,"column":64},"end":{"line":96,"column":94}},"41":{"start":{"line":97,"column":8},"end":{"line":97,"column":60}},"42":{"start":{"line":100,"column":21},"end":{"line":100,"column":55}},"43":{"start":{"line":102,"column":8},"end":{"line":109,"column":9}},"44":{"start":{"line":103,"column":26},"end":{"line":103,"column":71}},"45":{"start":{"line":104,"column":12},"end":{"line":104,"column":40}},"46":{"start":{"line":105,"column":12},"end":{"line":107,"column":13}},"47":{"start":{"line":106,"column":16},"end":{"line":106,"column":32}},"48":{"start":{"line":108,"column":12},"end":{"line":108,"column":24}},"49":{"start":{"line":112,"column":8},"end":{"line":112,"column":23}},"50":{"start":{"line":113,"column":8},"end":{"line":113,"column":38}},"51":{"start":{"line":116,"column":8},"end":{"line":116,"column":44}},"52":{"start":{"line":118,"column":8},"end":{"line":118,"column":20}},"53":{"start":{"line":120,"column":8},"end":{"line":120,"column":43}},"54":{"start":{"line":121,"column":8},"end":{"line":123,"column":9}},"55":{"start":{"line":122,"column":12},"end":{"line":122,"column":28}},"56":{"start":{"line":124,"column":8},"end":{"line":124,"column":20}},"57":{"start":{"line":129,"column":0},"end":{"line":138,"column":1}},"58":{"start":{"line":130,"column":22},"end":{"line":130,"column":37}},"59":{"start":{"line":132,"column":4},"end":{"line":135,"column":5}},"60":{"start":{"line":133,"column":8},"end":{"line":133,"column":39}},"61":{"start":{"line":134,"column":8},"end":{"line":134,"column":24}},"62":{"start":{"line":137,"column":4},"end":{"line":137,"column":33}},"63":{"start":{"line":140,"column":0},"end":{"line":142,"column":2}}},"fnMap":{"0":{"name":"parseCurlCommand","decl":{"start":{"line":21,"column":9},"end":{"line":21,"column":25}},"loc":{"start":{"line":21,"column":39},"end":{"line":84,"column":1}},"line":21},"1":{"name":"(anonymous_1)","decl":{"start":{"line":46,"column":40},"end":{"line":46,"column":41}},"loc":{"start":{"line":46,"column":56},"end":{"line":48,"column":13}},"line":46},"2":{"name":"(anonymous_2)","decl":{"start":{"line":66,"column":30},"end":{"line":66,"column":31}},"loc":{"start":{"line":66,"column":40},"end":{"line":69,"column":9}},"line":66},"3":{"name":"convertCurlToYaml","decl":{"start":{"line":87,"column":9},"end":{"line":87,"column":26}},"loc":{"start":{"line":87,"column":38},"end":{"line":126,"column":1}},"line":87},"4":{"name":"(anonymous_4)","decl":{"start":{"line":96,"column":56},"end":{"line":96,"column":57}},"loc":{"start":{"line":96,"column":64},"end":{"line":96,"column":94}},"line":96}},"branchMap":{"0":{"loc":{"start":{"line":37,"column":4},"end":{"line":55,"column":5}},"type":"if","locations":[{"start":{"line":37,"column":4},"end":{"line":55,"column":5}},{"start":{"line":53,"column":11},"end":{"line":55,"column":5}}],"line":37},"1":{"loc":{"start":{"line":59,"column":4},"end":{"line":61,"column":5}},"type":"if","locations":[{"start":{"line":59,"column":4},"end":{"line":61,"column":5}},{"start":{},"end":{}}],"line":59},"2":{"loc":{"start":{"line":65,"column":4},"end":{"line":70,"column":5}},"type":"if","locations":[{"start":{"line":65,"column":4},"end":{"line":70,"column":5}},{"start":{},"end":{}}],"line":65},"3":{"loc":{"start":{"line":74,"column":4},"end":{"line":81,"column":5}},"type":"if","locations":[{"start":{"line":74,"column":4},"end":{"line":81,"column":5}},{"start":{},"end":{}}],"line":74},"4":{"loc":{"start":{"line":102,"column":8},"end":{"line":109,"column":9}},"type":"if","locations":[{"start":{"line":102,"column":8},"end":{"line":109,"column":9}},{"start":{},"end":{}}],"line":102},"5":{"loc":{"start":{"line":105,"column":12},"end":{"line":107,"column":13}},"type":"if","locations":[{"start":{"line":105,"column":12},"end":{"line":107,"column":13}},{"start":{},"end":{}}],"line":105},"6":{"loc":{"start":{"line":121,"column":8},"end":{"line":123,"column":9}},"type":"if","locations":[{"start":{"line":121,"column":8},"end":{"line":123,"column":9}},{"start":{},"end":{}}],"line":121},"7":{"loc":{"start":{"line":129,"column":0},"end":{"line":138,"column":1}},"type":"if","locations":[{"start":{"line":129,"column":0},"end":{"line":138,"column":1}},{"start":{},"end":{}}],"line":129},"8":{"loc":{"start":{"line":132,"column":4},"end":{"line":135,"column":5}},"type":"if","locations":[{"start":{"line":132,"column":4},"end":{"line":135,"column":5}},{"start":{},"end":{}}],"line":132}},"s":{"0":1,"1":1,"2":1,"3":1,"4":1,"5":3,"6":3,"7":3,"8":3,"9":3,"10":3,"11":3,"12":3,"13":3,"14":3,"15":3,"16":0,"17":0,"18":0,"19":0,"20":3,"21":3,"22":2,"23":3,"24":3,"25":0,"26":0,"27":0,"28":3,"29":3,"30":0,"31":0,"32":0,"33":0,"34":3,"35":2,"36":2,"37":2,"38":2,"39":2,"40":11,"41":2,"42":2,"43":2,"44":0,"45":0,"46":0,"47":0,"48":0,"49":2,"50":2,"51":2,"52":2,"53":0,"54":0,"55":0,"56":0,"57":1,"58":0,"59":0,"60":0,"61":0,"62":0,"63":1},"f":{"0":3,"1":0,"2":0,"3":2,"4":11},"b":{"0":[3,0],"1":[2,1],"2":[0,3],"3":[0,3],"4":[0,2],"5":[0,0],"6":[0,0],"7":[0,1],"8":[0,0]},"_coverageSchema":"1a1c01bbd47fc00a2c39e90264f33305004495a9","hash":"60b3a5037c57726d3010cb5597da30176d8ba1c4"}
,"C:\\Users\\admin\\Desktop\\getcha\\src\\tools\\http-to-yaml.js": {"path":"C:\\Users\\admin\\Desktop\\getcha\\src\\tools\\http-to-yaml.js","statementMap":{"0":{"start":{"line":1,"column":11},"end":{"line":1,"column":24}},"1":{"start":{"line":2,"column":13},"end":{"line":2,"column":28}},"2":{"start":{"line":3,"column":41},"end":{"line":3,"column":59}},"3":{"start":{"line":4,"column":16},"end":{"line":4,"column":34}},"4":{"start":{"line":7,"column":15},"end":{"line":18,"column":2}},"5":{"start":{"line":23,"column":18},"end":{"line":23,"column":62}},"6":{"start":{"line":23,"column":50},"end":{"line":23,"column":61}},"7":{"start":{"line":26,"column":22},"end":{"line":26,"column":30}},"8":{"start":{"line":27,"column":20},"end":{"line":27,"column":89}},"9":{"start":{"line":29,"column":4},"end":{"line":31,"column":5}},"10":{"start":{"line":30,"column":8},"end":{"line":30,"column":46}},"11":{"start":{"line":33,"column":28},"end":{"line":33,"column":35}},"12":{"start":{"line":35,"column":4},"end":{"line":91,"column":5}},"13":{"start":{"line":37,"column":23},"end":{"line":37,"column":35}},"14":{"start":{"line":40,"column":23},"end":{"line":47,"column":9}},"15":{"start":{"line":50,"column":8},"end":{"line":52,"column":11}},"16":{"start":{"line":51,"column":12},"end":{"line":51,"column":43}},"17":{"start":{"line":55,"column":24},"end":{"line":55,"column":26}},"18":{"start":{"line":56,"column":21},"end":{"line":56,"column":26}},"19":{"start":{"line":58,"column":8},"end":{"line":75,"column":9}},"20":{"start":{"line":58,"column":21},"end":{"line":58,"column":22}},"21":{"start":{"line":59,"column":25},"end":{"line":59,"column":33}},"22":{"start":{"line":61,"column":12},"end":{"line":64,"column":13}},"23":{"start":{"line":62,"column":16},"end":{"line":62,"column":30}},"24":{"start":{"line":63,"column":16},"end":{"line":63,"column":25}},"25":{"start":{"line":66,"column":12},"end":{"line":74,"column":13}},"26":{"start":{"line":67,"column":16},"end":{"line":67,"column":37}},"27":{"start":{"line":69,"column":41},"end":{"line":69,"column":56}},"28":{"start":{"line":70,"column":16},"end":{"line":73,"column":17}},"29":{"start":{"line":71,"column":34},"end":{"line":71,"column":57}},"30":{"start":{"line":72,"column":20},"end":{"line":72,"column":48}},"31":{"start":{"line":78,"column":8},"end":{"line":85,"column":9}},"32":{"start":{"line":79,"column":12},"end":{"line":84,"column":13}},"33":{"start":{"line":80,"column":32},"end":{"line":80,"column":50}},"34":{"start":{"line":81,"column":16},"end":{"line":81,"column":50}},"35":{"start":{"line":83,"column":16},"end":{"line":83,"column":57}},"36":{"start":{"line":87,"column":8},"end":{"line":87,"column":22}},"37":{"start":{"line":89,"column":8},"end":{"line":89,"column":46}},"38":{"start":{"line":90,"column":8},"end":{"line":90,"column":20}},"39":{"start":{"line":97,"column":21},"end":{"line":97,"column":109}},"40":{"start":{"line":97,"column":98},"end":{"line":97,"column":108}},"41":{"start":{"line":98,"column":4},"end":{"line":98,"column":61}},"42":{"start":{"line":98,"column":31},"end":{"line":98,"column":59}},"43":{"start":{"line":103,"column":4},"end":{"line":137,"column":5}},"44":{"start":{"line":104,"column":8},"end":{"line":104,"column":43}},"45":{"start":{"line":107,"column":24},"end":{"line":107,"column":58}},"46":{"start":{"line":108,"column":8},"end":{"line":108,"column":35}},"47":{"start":{"line":111,"column":21},"end":{"line":111,"column":49}},"48":{"start":{"line":112,"column":8},"end":{"line":112,"column":51}},"49":{"start":{"line":114,"column":8},"end":{"line":121,"column":9}},"50":{"start":{"line":115,"column":26},"end":{"line":115,"column":71}},"51":{"start":{"line":116,"column":12},"end":{"line":116,"column":40}},"52":{"start":{"line":117,"column":12},"end":{"line":119,"column":13}},"53":{"start":{"line":118,"column":16},"end":{"line":118,"column":32}},"54":{"start":{"line":120,"column":12},"end":{"line":120,"column":24}},"55":{"start":{"line":124,"column":8},"end":{"line":124,"column":23}},"56":{"start":{"line":125,"column":8},"end":{"line":125,"column":38}},"57":{"start":{"line":128,"column":8},"end":{"line":128,"column":44}},"58":{"start":{"line":130,"column":8},"end":{"line":130,"column":20}},"59":{"start":{"line":132,"column":8},"end":{"line":132,"column":43}},"60":{"start":{"line":133,"column":8},"end":{"line":135,"column":9}},"61":{"start":{"line":134,"column":12},"end":{"line":134,"column":28}},"62":{"start":{"line":136,"column":8},"end":{"line":136,"column":20}},"63":{"start":{"line":141,"column":0},"end":{"line":150,"column":1}},"64":{"start":{"line":142,"column":22},"end":{"line":142,"column":37}},"65":{"start":{"line":144,"column":4},"end":{"line":147,"column":5}},"66":{"start":{"line":145,"column":8},"end":{"line":145,"column":39}},"67":{"start":{"line":146,"column":8},"end":{"line":146,"column":24}},"68":{"start":{"line":149,"column":4},"end":{"line":149,"column":33}},"69":{"start":{"line":152,"column":0},"end":{"line":155,"column":2}}},"fnMap":{"0":{"name":"parseHttpRequest","decl":{"start":{"line":21,"column":9},"end":{"line":21,"column":25}},"loc":{"start":{"line":21,"column":35},"end":{"line":92,"column":1}},"line":21},"1":{"name":"(anonymous_1)","decl":{"start":{"line":23,"column":42},"end":{"line":23,"column":43}},"loc":{"start":{"line":23,"column":50},"end":{"line":23,"column":61}},"line":23},"2":{"name":"(anonymous_2)","decl":{"start":{"line":50,"column":36},"end":{"line":50,"column":37}},"loc":{"start":{"line":50,"column":52},"end":{"line":52,"column":9}},"line":50},"3":{"name":"extractHttpRequests","decl":{"start":{"line":95,"column":9},"end":{"line":95,"column":28}},"loc":{"start":{"line":95,"column":38},"end":{"line":99,"column":1}},"line":95},"4":{"name":"(anonymous_4)","decl":{"start":{"line":97,"column":91},"end":{"line":97,"column":92}},"loc":{"start":{"line":97,"column":98},"end":{"line":97,"column":108}},"line":97},"5":{"name":"(anonymous_5)","decl":{"start":{"line":98,"column":24},"end":{"line":98,"column":25}},"loc":{"start":{"line":98,"column":31},"end":{"line":98,"column":59}},"line":98},"6":{"name":"convertHttpToYaml","decl":{"start":{"line":102,"column":9},"end":{"line":102,"column":26}},"loc":{"start":{"line":102,"column":38},"end":{"line":138,"column":1}},"line":102}},"branchMap":{"0":{"loc":{"start":{"line":29,"column":4},"end":{"line":31,"column":5}},"type":"if","locations":[{"start":{"line":29,"column":4},"end":{"line":31,"column":5}},{"start":{},"end":{}}],"line":29},"1":{"loc":{"start":{"line":61,"column":12},"end":{"line":64,"column":13}},"type":"if","locations":[{"start":{"line":61,"column":12},"end":{"line":64,"column":13}},{"start":{},"end":{}}],"line":61},"2":{"loc":{"start":{"line":66,"column":12},"end":{"line":74,"column":13}},"type":"if","locations":[{"start":{"line":66,"column":12},"end":{"line":74,"column":13}},{"start":{"line":68,"column":19},"end":{"line":74,"column":13}}],"line":66},"3":{"loc":{"start":{"line":70,"column":16},"end":{"line":73,"column":17}},"type":"if","locations":[{"start":{"line":70,"column":16},"end":{"line":73,"column":17}},{"start":{},"end":{}}],"line":70},"4":{"loc":{"start":{"line":70,"column":20},"end":{"line":70,"column":44}},"type":"binary-expr","locations":[{"start":{"line":70,"column":20},"end":{"line":70,"column":23}},{"start":{"line":70,"column":27},"end":{"line":70,"column":44}}],"line":70},"5":{"loc":{"start":{"line":78,"column":8},"end":{"line":85,"column":9}},"type":"if","locations":[{"start":{"line":78,"column":8},"end":{"line":85,"column":9}},{"start":{},"end":{}}],"line":78},"6":{"loc":{"start":{"line":114,"column":8},"end":{"line":121,"column":9}},"type":"if","locations":[{"start":{"line":114,"column":8},"end":{"line":121,"column":9}},{"start":{},"end":{}}],"line":114},"7":{"loc":{"start":{"line":117,"column":12},"end":{"line":119,"column":13}},"type":"if","locations":[{"start":{"line":117,"column":12},"end":{"line":119,"column":13}},{"start":{},"end":{}}],"line":117},"8":{"loc":{"start":{"line":133,"column":8},"end":{"line":135,"column":9}},"type":"if","locations":[{"start":{"line":133,"column":8},"end":{"line":135,"column":9}},{"start":{},"end":{}}],"line":133},"9":{"loc":{"start":{"line":141,"column":0},"end":{"line":150,"column":1}},"type":"if","locations":[{"start":{"line":141,"column":0},"end":{"line":150,"column":1}},{"start":{},"end":{}}],"line":141},"10":{"loc":{"start":{"line":144,"column":4},"end":{"line":147,"column":5}},"type":"if","locations":[{"start":{"line":144,"column":4},"end":{"line":147,"column":5}},{"start":{},"end":{}}],"line":144}},"s":{"0":1,"1":1,"2":1,"3":1,"4":1,"5":3,"6":16,"7":3,"8":3,"9":3,"10":0,"11":3,"12":3,"13":3,"14":3,"15":3,"16":1,"17":3,"18":3,"19":3,"20":3,"21":13,"22":13,"23":2,"24":2,"25":11,"26":7,"27":4,"28":4,"29":4,"30":4,"31":3,"32":2,"33":2,"34":2,"35":0,"36":3,"37":0,"38":0,"39":2,"40":3,"41":2,"42":3,"43":2,"44":2,"45":2,"46":2,"47":2,"48":2,"49":2,"50":0,"51":0,"52":0,"53":0,"54":0,"55":2,"56":2,"57":2,"58":2,"59":0,"60":0,"61":0,"62":0,"63":1,"64":0,"65":0,"66":0,"67":0,"68":0,"69":1},"f":{"0":3,"1":16,"2":1,"3":2,"4":3,"5":3,"6":2},"b":{"0":[0,3],"1":[2,11],"2":[7,4],"3":[4,0],"4":[4,4],"5":[2,1],"6":[0,2],"7":[0,0],"8":[0,0],"9":[0,1],"10":[0,0]},"_coverageSchema":"1a1c01bbd47fc00a2c39e90264f33305004495a9","hash":"69c4d473597c71e8daec3ae173128d8208cea29b"}
,"C:\\Users\\admin\\Desktop\\getcha\\src\\tools\\utils.js": {"path":"C:\\Users\\admin\\Desktop\\getcha\\src\\tools\\utils.js","statementMap":{"0":{"start":{"line":1,"column":11},"end":{"line":1,"column":24}},"1":{"start":{"line":2,"column":13},"end":{"line":2,"column":28}},"2":{"start":{"line":3,"column":13},"end":{"line":3,"column":31}},"3":{"start":{"line":4,"column":23},"end":{"line":4,"column":38}},"4":{"start":{"line":5,"column":16},"end":{"line":5,"column":34}},"5":{"start":{"line":8,"column":15},"end":{"line":19,"column":2}},"6":{"start":{"line":22,"column":20},"end":{"line":22,"column":52}},"7":{"start":{"line":26,"column":27},"end":{"line":26,"column":64}},"8":{"start":{"line":27,"column":4},"end":{"line":38,"column":5}},"9":{"start":{"line":29,"column":26},"end":{"line":29,"column":65}},"10":{"start":{"line":30,"column":8},"end":{"line":32,"column":9}},"11":{"start":{"line":31,"column":12},"end":{"line":31,"column":36}},"12":{"start":{"line":34,"column":31},"end":{"line":34,"column":63}},"13":{"start":{"line":35,"column":27},"end":{"line":35,"column":63}},"14":{"start":{"line":36,"column":8},"end":{"line":36,"column":52}},"15":{"start":{"line":37,"column":8},"end":{"line":37,"column":57}},"16":{"start":{"line":44,"column":4},"end":{"line":46,"column":5}},"17":{"start":{"line":45,"column":8},"end":{"line":45,"column":56}},"18":{"start":{"line":48,"column":24},"end":{"line":52,"column":6}},"19":{"start":{"line":54,"column":4},"end":{"line":54,"column":46}},"20":{"start":{"line":55,"column":4},"end":{"line":55,"column":40}},"21":{"start":{"line":56,"column":4},"end":{"line":56,"column":53}},"22":{"start":{"line":59,"column":0},"end":{"line":62,"column":2}}},"fnMap":{"0":{"name":"backupConfig","decl":{"start":{"line":25,"column":9},"end":{"line":25,"column":21}},"loc":{"start":{"line":25,"column":24},"end":{"line":39,"column":1}},"line":25},"1":{"name":"saveYamlConfig","decl":{"start":{"line":42,"column":9},"end":{"line":42,"column":23}},"loc":{"start":{"line":42,"column":42},"end":{"line":57,"column":1}},"line":42}},"branchMap":{"0":{"loc":{"start":{"line":27,"column":4},"end":{"line":38,"column":5}},"type":"if","locations":[{"start":{"line":27,"column":4},"end":{"line":38,"column":5}},{"start":{},"end":{}}],"line":27},"1":{"loc":{"start":{"line":30,"column":8},"end":{"line":32,"column":9}},"type":"if","locations":[{"start":{"line":30,"column":8},"end":{"line":32,"column":9}},{"start":{},"end":{}}],"line":30},"2":{"loc":{"start":{"line":44,"column":4},"end":{"line":46,"column":5}},"type":"if","locations":[{"start":{"line":44,"column":4},"end":{"line":46,"column":5}},{"start":{},"end":{}}],"line":44}},"s":{"0":1,"1":1,"2":1,"3":1,"4":1,"5":1,"6":1,"7":4,"8":4,"9":4,"10":4,"11":0,"12":4,"13":4,"14":4,"15":4,"16":4,"17":4,"18":4,"19":4,"20":4,"21":4,"22":1},"f":{"0":4,"1":4},"b":{"0":[4,0],"1":[0,4],"2":[4,0]},"_coverageSchema":"1a1c01bbd47fc00a2c39e90264f33305004495a9","hash":"461859d044481cec7ad373d5ee8b893eaa125586"}
,"C:\\Users\\admin\\Desktop\\getcha\\src\\utils\\logger.js": {"path":"C:\\Users\\admin\\Desktop\\getcha\\src\\utils\\logger.js","statementMap":{"0":{"start":{"line":1,"column":16},"end":{"line":1,"column":34}},"1":{"start":{"line":3,"column":15},"end":{"line":13,"column":2}},"2":{"start":{"line":15,"column":0},"end":{"line":19,"column":1}},"3":{"start":{"line":16,"column":2},"end":{"line":18,"column":6}},"4":{"start":{"line":21,"column":0},"end":{"line":21,"column":24}}},"fnMap":{},"branchMap":{"0":{"loc":{"start":{"line":15,"column":0},"end":{"line":19,"column":1}},"type":"if","locations":[{"start":{"line":15,"column":0},"end":{"line":19,"column":1}},{"start":{},"end":{}}],"line":15}},"s":{"0":1,"1":1,"2":1,"3":1,"4":1},"f":{},"b":{"0":[1,0]},"_coverageSchema":"1a1c01bbd47fc00a2c39e90264f33305004495a9","hash":"2bb8343fb288d072956048e8d17315cf75869784"}
,"C:\\Users\\admin\\Desktop\\getcha\\src\\utils\\pathUtils.js": {"path":"C:\\Users\\admin\\Desktop\\getcha\\src\\utils\\pathUtils.js","statementMap":{"0":{"start":{"line":3,"column":18},"end":{"line":3,"column":33}},"1":{"start":{"line":4,"column":16},"end":{"line":4,"column":19}},"2":{"start":{"line":6,"column":4},"end":{"line":22,"column":5}},"3":{"start":{"line":7,"column":8},"end":{"line":17,"column":9}},"4":{"start":{"line":8,"column":32},"end":{"line":8,"column":49}},"5":{"start":{"line":9,"column":12},"end":{"line":11,"column":13}},"6":{"start":{"line":10,"column":16},"end":{"line":10,"column":40}},"7":{"start":{"line":12,"column":15},"end":{"line":17,"column":9}},"8":{"start":{"line":13,"column":39},"end":{"line":13,"column":59}},"9":{"start":{"line":14,"column":12},"end":{"line":14,"column":54}},"10":{"start":{"line":16,"column":12},"end":{"line":16,"column":32}},"11":{"start":{"line":19,"column":8},"end":{"line":21,"column":9}},"12":{"start":{"line":20,"column":12},"end":{"line":20,"column":29}},"13":{"start":{"line":24,"column":4},"end":{"line":24,"column":17}},"14":{"start":{"line":29,"column":4},"end":{"line":46,"column":5}},"15":{"start":{"line":30,"column":8},"end":{"line":40,"column":11}},"16":{"start":{"line":31,"column":40},"end":{"line":31,"column":62}},"17":{"start":{"line":32,"column":12},"end":{"line":38,"column":13}},"18":{"start":{"line":33,"column":30},"end":{"line":33,"column":77}},"19":{"start":{"line":34,"column":16},"end":{"line":36,"column":17}},"20":{"start":{"line":35,"column":20},"end":{"line":35,"column":36}},"21":{"start":{"line":37,"column":16},"end":{"line":37,"column":29}},"22":{"start":{"line":39,"column":12},"end":{"line":39,"column":25}},"23":{"start":{"line":41,"column":11},"end":{"line":46,"column":5}},"24":{"start":{"line":42,"column":8},"end":{"line":45,"column":46}},"25":{"start":{"line":43,"column":12},"end":{"line":43,"column":84}},"26":{"start":{"line":44,"column":12},"end":{"line":44,"column":23}},"27":{"start":{"line":47,"column":4},"end":{"line":47,"column":20}},"28":{"start":{"line":50,"column":0},"end":{"line":53,"column":2}}},"fnMap":{"0":{"name":"getValueFromPath","decl":{"start":{"line":2,"column":9},"end":{"line":2,"column":25}},"loc":{"start":{"line":2,"column":37},"end":{"line":25,"column":1}},"line":2},"1":{"name":"replaceTemplateVariables","decl":{"start":{"line":28,"column":9},"end":{"line":28,"column":33}},"loc":{"start":{"line":28,"column":73},"end":{"line":48,"column":1}},"line":28},"2":{"name":"(anonymous_2)","decl":{"start":{"line":30,"column":52},"end":{"line":30,"column":53}},"loc":{"start":{"line":30,"column":69},"end":{"line":40,"column":9}},"line":30},"3":{"name":"(anonymous_3)","decl":{"start":{"line":42,"column":47},"end":{"line":42,"column":48}},"loc":{"start":{"line":42,"column":70},"end":{"line":45,"column":9}},"line":42}},"branchMap":{"0":{"loc":{"start":{"line":7,"column":8},"end":{"line":17,"column":9}},"type":"if","locations":[{"start":{"line":7,"column":8},"end":{"line":17,"column":9}},{"start":{"line":12,"column":15},"end":{"line":17,"column":9}}],"line":7},"1":{"loc":{"start":{"line":9,"column":12},"end":{"line":11,"column":13}},"type":"if","locations":[{"start":{"line":9,"column":12},"end":{"line":11,"column":13}},{"start":{},"end":{}}],"line":9},"2":{"loc":{"start":{"line":12,"column":15},"end":{"line":17,"column":9}},"type":"if","locations":[{"start":{"line":12,"column":15},"end":{"line":17,"column":9}},{"start":{"line":15,"column":15},"end":{"line":17,"column":9}}],"line":12},"3":{"loc":{"start":{"line":12,"column":19},"end":{"line":12,"column":59}},"type":"binary-expr","locations":[{"start":{"line":12,"column":19},"end":{"line":12,"column":37}},{"start":{"line":12,"column":41},"end":{"line":12,"column":59}}],"line":12},"4":{"loc":{"start":{"line":19,"column":8},"end":{"line":21,"column":9}},"type":"if","locations":[{"start":{"line":19,"column":8},"end":{"line":21,"column":9}},{"start":{},"end":{}}],"line":19},"5":{"loc":{"start":{"line":29,"column":4},"end":{"line":46,"column":5}},"type":"if","locations":[{"start":{"line":29,"column":4},"end":{"line":46,"column":5}},{"start":{"line":41,"column":11},"end":{"line":46,"column":5}}],"line":29},"6":{"loc":{"start":{"line":32,"column":12},"end":{"line":38,"column":13}},"type":"if","locations":[{"start":{"line":32,"column":12},"end":{"line":38,"column":13}},{"start":{},"end":{}}],"line":32},"7":{"loc":{"start":{"line":34,"column":16},"end":{"line":36,"column":17}},"type":"if","locations":[{"start":{"line":34,"column":16},"end":{"line":36,"column":17}},{"start":{},"end":{}}],"line":34},"8":{"loc":{"start":{"line":41,"column":11},"end":{"line":46,"column":5}},"type":"if","locations":[{"start":{"line":41,"column":11},"end":{"line":46,"column":5}},{"start":{},"end":{}}],"line":41},"9":{"loc":{"start":{"line":41,"column":15},"end":{"line":41,"column":64}},"type":"binary-expr","locations":[{"start":{"line":41,"column":15},"end":{"line":41,"column":43}},{"start":{"line":41,"column":47},"end":{"line":41,"column":64}}],"line":41},"10":{"loc":{"start":{"line":45,"column":11},"end":{"line":45,"column":44}},"type":"cond-expr","locations":[{"start":{"line":45,"column":37},"end":{"line":45,"column":39}},{"start":{"line":45,"column":42},"end":{"line":45,"column":44}}],"line":45}},"s":{"0":27,"1":27,"2":27,"3":39,"4":0,"5":0,"6":0,"7":39,"8":0,"9":0,"10":39,"11":39,"12":0,"13":27,"14":18,"15":12,"16":12,"17":12,"18":12,"19":12,"20":0,"21":12,"22":0,"23":6,"24":6,"25":12,"26":12,"27":0,"28":1},"f":{"0":27,"1":18,"2":12,"3":12},"b":{"0":[0,39],"1":[0,0],"2":[0,39],"3":[39,0],"4":[0,39],"5":[12,6],"6":[12,0],"7":[0,12],"8":[6,0],"9":[6,6],"10":[0,6]},"_coverageSchema":"1a1c01bbd47fc00a2c39e90264f33305004495a9","hash":"65130ca57f2b66b22618fda21af51ae906383f64"}
}
