TN:
SF:src\index.js
FN:7,loadConfig
FN:18,executeApiCalls
FN:33,convertToCSV
FN:37,(anonymous_3)
FN:38,(anonymous_4)
FN:50,main
FNF:6
FNH:6
FNDA:5,loadConfig
FNDA:2,executeApiCalls
FNDA:5,convertToCSV
FNDA:3,(anonymous_3)
FNDA:7,(anonymous_4)
FNDA:2,main
DA:1,1
DA:2,1
DA:3,1
DA:4,1
DA:8,5
DA:9,5
DA:10,3
DA:12,3
DA:13,3
DA:19,2
DA:20,2
DA:21,2
DA:22,2
DA:23,1
DA:25,1
DA:27,1
DA:28,1
DA:34,5
DA:36,2
DA:37,2
DA:38,3
DA:39,7
DA:41,7
DA:46,2
DA:51,2
DA:52,2
DA:53,1
DA:54,1
DA:55,1
DA:57,1
DA:58,1
DA:63,1
DA:64,0
DA:67,1
LF:34
LH:33
BRDA:34,0,0,3
BRDA:34,0,1,2
BRDA:34,1,0,5
BRDA:34,1,1,3
BRDA:41,2,0,1
BRDA:41,2,1,6
BRDA:41,3,0,7
BRDA:41,3,1,5
BRDA:63,4,0,0
BRDA:63,4,1,1
BRF:10
BRH:9
end_of_record
TN:
SF:src\config\apiResults.js
FNF:0
FNH:0
DA:2,1
DA:4,1
LF:2
LH:2
BRF:0
BRH:0
end_of_record
TN:
SF:src\services\apiService.js
FN:7,processApi
FNF:1
FNH:1
FNDA:6,processApi
DA:1,1
DA:2,1
DA:3,1
DA:4,1
DA:5,1
DA:8,6
DA:10,6
DA:11,1
DA:12,1
DA:13,1
DA:14,1
DA:15,2
DA:22,2
DA:30,2
DA:31,2
DA:33,1
DA:38,5
DA:47,3
DA:48,3
DA:52,3
DA:53,3
DA:55,2
DA:56,2
DA:60,1
LF:24
LH:24
BRDA:10,0,0,1
BRDA:10,0,1,5
BRDA:12,1,0,1
BRDA:12,1,1,0
BRDA:12,2,0,1
BRDA:12,2,1,1
BRDA:19,3,0,2
BRDA:19,3,1,0
BRDA:47,4,0,3
BRDA:47,4,1,0
BRF:10
BRH:7
end_of_record
TN:
SF:src\services\mappingService.js
FN:3,mapResponseData
FNF:1
FNH:1
FNDA:5,mapResponseData
DA:1,1
DA:4,5
DA:5,5
DA:7,5
DA:8,7
DA:9,7
DA:10,15
DA:11,15
DA:13,15
DA:15,7
DA:18,5
DA:21,1
LF:12
LH:12
BRDA:5,0,0,3
BRDA:5,0,1,2
BRF:2
BRH:2
end_of_record
TN:
SF:src\tools\curl-to-yaml.js
FN:21,parseCurlCommand
FN:46,(anonymous_1)
FN:66,(anonymous_2)
FN:87,convertCurlToYaml
FN:96,(anonymous_4)
FNF:5
FNH:3
FNDA:3,parseCurlCommand
FNDA:0,(anonymous_1)
FNDA:0,(anonymous_2)
FNDA:2,convertCurlToYaml
FNDA:11,(anonymous_4)
DA:1,1
DA:2,1
DA:3,1
DA:4,1
DA:7,1
DA:23,3
DA:26,3
DA:36,3
DA:37,3
DA:38,3
DA:39,3
DA:40,3
DA:41,3
DA:42,3
DA:43,3
DA:46,3
DA:47,0
DA:50,0
DA:51,0
DA:54,0
DA:58,3
DA:59,3
DA:60,2
DA:64,3
DA:65,3
DA:66,0
DA:67,0
DA:68,0
DA:73,3
DA:74,3
DA:75,0
DA:76,0
DA:77,0
DA:79,0
DA:83,3
DA:88,2
DA:89,2
DA:92,2
DA:93,2
DA:96,11
DA:97,2
DA:100,2
DA:102,2
DA:103,0
DA:104,0
DA:105,0
DA:106,0
DA:108,0
DA:112,2
DA:113,2
DA:116,2
DA:118,2
DA:120,0
DA:121,0
DA:122,0
DA:124,0
DA:129,1
DA:130,0
DA:132,0
DA:133,0
DA:134,0
DA:137,0
DA:140,1
LF:63
LH:38
BRDA:37,0,0,3
BRDA:37,0,1,0
BRDA:59,1,0,2
BRDA:59,1,1,1
BRDA:65,2,0,0
BRDA:65,2,1,3
BRDA:74,3,0,0
BRDA:74,3,1,3
BRDA:102,4,0,0
BRDA:102,4,1,2
BRDA:105,5,0,0
BRDA:105,5,1,0
BRDA:121,6,0,0
BRDA:121,6,1,0
BRDA:129,7,0,0
BRDA:129,7,1,1
BRDA:132,8,0,0
BRDA:132,8,1,0
BRF:18
BRH:7
end_of_record
TN:
SF:src\tools\http-to-yaml.js
FN:21,parseHttpRequest
FN:23,(anonymous_1)
FN:50,(anonymous_2)
FN:95,extractHttpRequests
FN:97,(anonymous_4)
FN:98,(anonymous_5)
FN:102,convertHttpToYaml
FNF:7
FNH:7
FNDA:3,parseHttpRequest
FNDA:16,(anonymous_1)
FNDA:1,(anonymous_2)
FNDA:2,extractHttpRequests
FNDA:3,(anonymous_4)
FNDA:3,(anonymous_5)
FNDA:2,convertHttpToYaml
DA:1,1
DA:2,1
DA:3,1
DA:4,1
DA:7,1
DA:23,16
DA:26,3
DA:27,3
DA:29,3
DA:30,0
DA:33,3
DA:35,3
DA:37,3
DA:40,3
DA:50,3
DA:51,1
DA:55,3
DA:56,3
DA:58,3
DA:59,13
DA:61,13
DA:62,2
DA:63,2
DA:66,11
DA:67,7
DA:69,4
DA:70,4
DA:71,4
DA:72,4
DA:78,3
DA:79,2
DA:80,2
DA:81,2
DA:83,0
DA:87,3
DA:89,0
DA:90,0
DA:97,3
DA:98,3
DA:103,2
DA:104,2
DA:107,2
DA:108,2
DA:111,2
DA:112,2
DA:114,2
DA:115,0
DA:116,0
DA:117,0
DA:118,0
DA:120,0
DA:124,2
DA:125,2
DA:128,2
DA:130,2
DA:132,0
DA:133,0
DA:134,0
DA:136,0
DA:141,1
DA:142,0
DA:144,0
DA:145,0
DA:146,0
DA:149,0
DA:152,1
LF:66
LH:48
BRDA:29,0,0,0
BRDA:29,0,1,3
BRDA:61,1,0,2
BRDA:61,1,1,11
BRDA:66,2,0,7
BRDA:66,2,1,4
BRDA:70,3,0,4
BRDA:70,3,1,0
BRDA:70,4,0,4
BRDA:70,4,1,4
BRDA:78,5,0,2
BRDA:78,5,1,1
BRDA:114,6,0,0
BRDA:114,6,1,2
BRDA:117,7,0,0
BRDA:117,7,1,0
BRDA:133,8,0,0
BRDA:133,8,1,0
BRDA:141,9,0,0
BRDA:141,9,1,1
BRDA:144,10,0,0
BRDA:144,10,1,0
BRF:22
BRH:12
end_of_record
TN:
SF:src\tools\utils.js
FN:25,backupConfig
FN:42,saveYamlConfig
FNF:2
FNH:2
FNDA:4,backupConfig
FNDA:4,saveYamlConfig
DA:1,1
DA:2,1
DA:3,1
DA:4,1
DA:5,1
DA:8,1
DA:22,1
DA:26,4
DA:27,4
DA:29,4
DA:30,4
DA:31,0
DA:34,4
DA:35,4
DA:36,4
DA:37,4
DA:44,4
DA:45,4
DA:48,4
DA:54,4
DA:55,4
DA:56,4
DA:59,1
LF:23
LH:22
BRDA:27,0,0,4
BRDA:27,0,1,0
BRDA:30,1,0,0
BRDA:30,1,1,4
BRDA:44,2,0,4
BRDA:44,2,1,0
BRF:6
BRH:3
end_of_record
TN:
SF:src\utils\logger.js
FNF:0
FNH:0
DA:1,1
DA:3,1
DA:15,1
DA:16,1
DA:21,1
LF:5
LH:5
BRDA:15,0,0,1
BRDA:15,0,1,0
BRF:2
BRH:1
end_of_record
TN:
SF:src\utils\pathUtils.js
FN:2,getValueFromPath
FN:28,replaceTemplateVariables
FN:30,(anonymous_2)
FN:42,(anonymous_3)
FNF:4
FNH:4
FNDA:27,getValueFromPath
FNDA:18,replaceTemplateVariables
FNDA:12,(anonymous_2)
FNDA:12,(anonymous_3)
DA:3,27
DA:4,27
DA:6,27
DA:7,39
DA:8,0
DA:9,0
DA:10,0
DA:12,39
DA:13,0
DA:14,0
DA:16,39
DA:19,39
DA:20,0
DA:24,27
DA:29,18
DA:30,12
DA:31,12
DA:32,12
DA:33,12
DA:34,12
DA:35,0
DA:37,12
DA:39,0
DA:41,6
DA:42,6
DA:43,12
DA:44,12
DA:47,0
DA:50,1
LF:29
LH:20
BRDA:7,0,0,0
BRDA:7,0,1,39
BRDA:9,1,0,0
BRDA:9,1,1,0
BRDA:12,2,0,0
BRDA:12,2,1,39
BRDA:12,3,0,39
BRDA:12,3,1,0
BRDA:19,4,0,0
BRDA:19,4,1,39
BRDA:29,5,0,12
BRDA:29,5,1,6
BRDA:32,6,0,12
BRDA:32,6,1,0
BRDA:34,7,0,0
BRDA:34,7,1,12
BRDA:41,8,0,6
BRDA:41,8,1,0
BRDA:41,9,0,6
BRDA:41,9,1,6
BRDA:45,10,0,0
BRDA:45,10,1,6
BRF:22
BRH:12
end_of_record
